Feb 18 12:50 : update: added African Headcharge/Back to Mine_ The Voodoo Sessions/02 Dinosaur's Lament.mp3
Feb 18 12:50 : update: added Brontide/Sans souci/01 Matador.m4a
Feb 18 12:50 : update: added Brontide/Sans souci/02 Limehouse Ink.m4a
Feb 18 12:50 : update: added Brontide/Sans souci/03 Jura.m4a
Feb 18 12:50 : update: added Brontide/Sans souci/04 Arioso.m4a
Feb 18 12:50 : update: added Brontide/Sans souci/05 Bob Mundon.m4a
Feb 18 12:50 : update: added Brontide/Sans souci/06 Bespoke.m4a
Feb 18 12:50 : update: added Brontide/Sans souci/07 Tenbytwobyfour.m4a
Feb 18 12:50 : update: added Brontide/Sans souci/08 Sans souci.m4a
Feb 18 12:50 : update: added Caspian/The Four Trees/01 Moksha 1.mp3
Feb 18 12:50 : update: added Caspian/The Four Trees/01 Moksha.mp3
Feb 18 12:50 : update: added Caspian/The Four Trees/02 Some Are White Light 1.mp3
Feb 18 12:50 : update: added Caspian/The Four Trees/02 Some Are White Light.mp3
Feb 18 12:50 : update: added Caspian/The Four Trees/03 Sea Lawn 1.mp3
Feb 18 12:50 : update: added Caspian/The Four Trees/03 Sea Lawn.mp3
Feb 18 12:50 : update: added Caspian/The Four Trees/04 Crawlspace 1.mp3
Feb 18 12:50 : update: added Caspian/The Four Trees/04 Crawlspace.mp3
Feb 18 12:50 : update: added Caspian/The Four Trees/05 Book IX 1.mp3
Feb 18 12:50 : update: added Caspian/The Four Trees/05 Book IX.mp3
Feb 18 12:50 : update: added Caspian/The Four Trees/06 The Dropsonde 1.mp3
Feb 18 12:50 : update: added Caspian/The Four Trees/06 The Dropsonde.mp3
Feb 18 12:50 : update: added Caspian/The Four Trees/07 Brombie 1.mp3
Feb 18 12:50 : update: added Caspian/The Four Trees/07 Brombie.mp3
Feb 18 12:50 : update: added Caspian/The Four Trees/08 Our Breath In Winter 1.mp3
Feb 18 12:50 : update: added Caspian/The Four Trees/08 Our Breath In Winter.mp3
Feb 18 12:50 : update: added Caspian/The Four Trees/09 The Dove.mp3
Feb 18 12:50 : update: added Caspian/The Four Trees/10 ASA 1.mp3
Feb 18 12:50 : update: added Caspian/The Four Trees/10 ASA.mp3
Feb 18 12:50 : update: added Caspian/The Four Trees/11 ...Reprise 1.mp3
Feb 18 12:50 : update: added Caspian/The Four Trees/11 ...Reprise.mp3
Feb 18 12:50 : update: added Chris Thomas King/Back to Mine_ The Voodoo Sessions/10 Hard Time Killing Floor Blues 1.mp3
Feb 18 12:50 : update: added Chris Thomas King/Back to Mine_ The Voodoo Sessions/10 Hard Time Killing Floor Blues.mp3
Feb 18 12:50 : update: added da lata/zero 7 - another late night/09 pra manha 1.mp3
Feb 18 12:50 : update: added da lata/zero 7 - another late night/09 pra manha.mp3
Feb 18 12:50 : update: added don blackman/zero 7 - another late night/13 loving you, holding you.mp3
Feb 18 12:50 : update: added Dr John/Back to Mine_ The Voodoo Sessions/03 I Walk On Guilded Splinters.mp3
Feb 18 12:50 : update: added Drome/Back to Mine_ The Voodoo Sessions/09 Hoax (What Did You Got_) 1.mp3
Feb 18 12:50 : update: added Drome/Back to Mine_ The Voodoo Sessions/09 Hoax (What Did You Got_).mp3
Feb 18 12:50 : update: added DubFX/Unknown Album/01 - Free My Soul (live in Italy) MP3.MP3
Feb 18 12:50 : update: added DubFX/Unknown Album/02 - Rude Boy (live in Manchester) MP3.MP3
Feb 18 12:50 : update: added DubFX/Unknown Album/03 - Step on my Trip (live in Brighton) MP3.MP3
Feb 18 12:50 : update: added DubFX/Unknown Album/04 - Under a Tree (live in London) MP3.MP3
Feb 18 12:50 : update: added DubFX/Unknown Album/05 - Hip hop - part 1 (Live in Manchester) - ft. 'chunky' freestyle MP3.MP3
Feb 18 12:50 : update: added DubFX/Unknown Album/06 - Hip hop - part 2 MP3.MP3
Feb 18 12:50 : update: added DubFX/Unknown Album/07 - Hip hop - part 3 (featuring 'CADE') MP3.MP3
Feb 18 12:50 : update: added DubFX/Unknown Album/08 - Sooth your Pain (live in Amsterdam) MP3.MP3
Feb 18 12:50 : update: added DubFX/Unknown Album/09 - I never made it (live in Amsterdam) MP3.MP3
Feb 18 12:50 : update: added DubFX/Unknown Album/10 - Outro (live in Manchester) MP3.MP3
Feb 18 12:50 : update: added Easily Embarrassed/Darkened Emotion (EP)/01 Darkened Emotion.mp3
Feb 18 12:50 : update: added Easily Embarrassed/From Sunset Last Night to Sunrise This Morning (I Don't Want to Sleep)/From Sunset Last Night to Sunrise This Morning (I Don't Want to Sleep).mp3
Feb 18 12:50 : update: added Easily Embarrassed/Planet Discovery/02 Leaving Terra.mp3
Feb 18 12:50 : update: added Easily Embarrassed/Planet Discovery/03 Gravity.mp3
Feb 18 12:50 : update: added Easily Embarrassed/Planet Discovery/04 Aurora and Storm.mp3
Feb 18 12:50 : update: added Easily Embarrassed/Planet Discovery/05 Wormhole.mp3
Feb 18 12:50 : update: added Easily Embarrassed/Planet Discovery/06 The Journey.mp3
Feb 18 12:50 : update: added Easily Embarrassed/Planet Discovery/07 Extraterrestrial Life Forms.mp3
Feb 18 12:50 : update: added Easily Embarrassed/Planet Discovery/08 Final Hope Part 1.mp3
Feb 18 12:50 : update: added Easily Embarrassed/Planet Discovery/09 Final Hope Part 2.mp3
Feb 18 12:50 : update: added Easily Embarrassed/Through the Galaxy EP/01 Ancient Technology 1.mp3
Feb 18 12:50 : update: added Easily Embarrassed/Through the Galaxy EP/01 Ancient Technology.mp3
Feb 18 12:50 : update: added Easily Embarrassed/With Eyes Shut EP/01 Crying Clown & Sad Witches.mp3
Feb 18 12:50 : update: added Easily Embarrassed/With Eyes Shut EP/02 The Other Me.mp3
Feb 18 12:50 : update: added Hipoptimist/Back to Mine_ The Voodoo Sessions/07 Sacred Space 1.mp3
Feb 18 12:50 : update: added Hipoptimist/Back to Mine_ The Voodoo Sessions/07 Sacred Space.mp3
Feb 18 12:50 : update: added It Bites/The Tall Ships/01 Oh my god.mp3
Feb 18 12:50 : update: added It Bites/The Tall Ships/02 Ghosts.mp3
Feb 18 12:50 : update: added It Bites/The Tall Ships/06 The wind that shakes the barle.mp3
Feb 18 12:50 : update: added It Bites/The Tall Ships/08 Fahrenheit.mp3
Feb 18 12:50 : update: added It Bites/The Tall Ships/10 Lights.mp3
Feb 18 12:50 : update: added Jaka/Spiritual R-Evolution/02 Live as one.m4a
Feb 18 12:50 : update: added Jaka/Spiritual R-Evolution/03 Volontà.m4a
Feb 18 12:50 : update: added Jaka/Spiritual R-Evolution/04 Senti senti.m4a
Feb 18 12:50 : update: added Jaka/Spiritual R-Evolution/05 Reggae in Italia.m4a
Feb 18 12:50 : update: added Jaka/Spiritual R-Evolution/07 Spiritual R-Evolution.m4a
Feb 18 12:50 : update: added Jaka/Spiritual R-Evolution/09 No alla guerra.m4a
Feb 18 12:50 : update: added Jaka/Spiritual R-Evolution/11 Reggae a matina.m4a
Feb 18 12:50 : update: added Jaka/Spiritual R-Evolution/12 Bumma bumma.m4a
Feb 18 12:50 : update: added Jaka/Spiritual R-Evolution/15 Musica _ Melt away.m4a
Feb 18 12:50 : update: added Jaka/Spiritual R-Evolution/16 Cantu.m4a
Feb 18 12:50 : update: added Jaka/Spiritual R-Evolution/17 Ragga Soldati.m4a
Feb 18 12:50 : update: added Jaka/Spiritual R-Evolution/18 Love fire.m4a
Feb 18 12:50 : update: added Jaka/Spiritual R-Evolution/19 Ganjah (e tè Bancha).m4a
Feb 18 12:50 : update: added Jaka/Spiritual R-Evolution/21 Spiritual R-Evolution (studio).m4a
Feb 18 12:50 : update: added jim o'rourke/zero 7 - another late night/07 ghost ship in a storm 1.mp3
Feb 18 12:50 : update: added jim o'rourke/zero 7 - another late night/07 ghost ship in a storm.mp3
Feb 18 12:50 : update: added Jovine/Ora/01 Disagi Ke.m4a
Feb 18 12:50 : update: added Jovine/Ora/02 Surprise.m4a
Feb 18 12:50 : update: added Jovine/Ora/03 Nessuno Crede Alla Realta'.m4a
Feb 18 12:50 : update: added Jovine/Ora/04 L'Immenso.m4a
Feb 18 12:50 : update: added Jovine/Ora/05 Milioni Di Milioni.m4a
Feb 18 12:50 : update: added Jovine/Ora/06 C.C.C..m4a
Feb 18 12:50 : update: added Jovine/Ora/07 Ci Sono Giorni.m4a
Feb 18 12:50 : update: added Jovine/Ora/08 Mondo Libero.m4a
Feb 18 12:50 : update: added Jovine/Ora/09 Io Sono John.m4a
Feb 18 12:50 : update: added Jovine/Ora/10 Mai Mai Mai.m4a
Feb 18 12:50 : update: added Jovine/Ora/11 Vedro' Vedrai.m4a
Feb 18 12:50 : update: added Jovine/Ora/12 Ke Giorno E'.m4a
Feb 18 12:50 : update: added Jovine/Ora/13 E Resto Qua.m4a
Feb 18 12:50 : update: added joy zipper/zero 7 - another late night/06 christine bonilla 1.mp3
Feb 18 12:50 : update: added joy zipper/zero 7 - another late night/06 christine bonilla.mp3
Feb 18 12:50 : update: added Lamb/What Sound/01 What Sound.mp3
Feb 18 12:50 : update: added Lamb/What Sound/02 One.mp3
Feb 18 12:50 : update: added Lamb/What Sound/03 Sweet.mp3
Feb 18 12:50 : update: added Lamb/What Sound/04 I Cry.mp3
Feb 18 12:50 : update: added Lamb/What Sound/05 Scratch Bass.mp3
Feb 18 12:50 : update: added Lamb/What Sound/06 Heaven 1.mp3
Feb 18 12:50 : update: added Lamb/What Sound/07 Small 1.mp3
Feb 18 12:50 : update: added Lamb/What Sound/08 Written 1.mp3
Feb 18 12:50 : update: added Lamb/What Sound/09 Gabriel 1.mp3
Feb 18 12:50 : update: added Lamb/What Sound/10 Sweetheart 1.mp3
Feb 18 12:50 : update: added Lamb/What Sound/11 Just Is 1.mp3
Feb 18 12:50 : update: added leroy hutson/zero 7 - another late night/14 cool out.mp3
Feb 18 12:50 : update: added Martina Topley-Bird/Back to Mine_ The Voodoo Sessions/01 Intro.mp3
Feb 18 12:50 : update: added Megadeth/Risk/01 Insomnia.mp3
Feb 18 12:50 : update: added Megadeth/Risk/02 Prince of Darkness.mp3
Feb 18 12:50 : update: added Megadeth/Risk/03 Enter the Arena.mp3
Feb 18 12:50 : update: added Megadeth/Risk/04 Crush 'em.mp3
Feb 18 12:50 : update: added Megadeth/Risk/05 Breadline.mp3
Feb 18 12:50 : update: added Megadeth/Risk/06 The Doctor is Calling.mp3
Feb 18 12:50 : update: added Megadeth/Risk/07 I'll Be There.mp3
Feb 18 12:50 : update: added Megadeth/Risk/08 Wanderlust.mp3
Feb 18 12:50 : update: added Megadeth/Risk/09 Ecstasy.mp3
Feb 18 12:50 : update: added Megadeth/Risk/10 Seven.mp3
Feb 18 12:50 : update: added Megadeth/Risk/11 Time _ The Beginning.mp3
Feb 18 12:50 : update: added Melaaz/Back to Mine_ The Voodoo Sessions/05 Non Non Non.mp3
Feb 18 12:50 : update: added Nabintou Diakite/Back to Mine_ The Voodoo Sessions/12 Nabintou Diakite.mp3
Feb 18 12:50 : update: added Nina Simone/Back to Mine_ The Voodoo Sessions/04 See-Line Women (Masters At Work Remix).mp3
Feb 18 12:50 : update: added Nitin Sawhney/Back to Mine_ The Voodoo Sessions/06 Prophesy.mp3
Feb 18 12:50 : update: added Omar Faruk Tekbilek/Back to Mine_ The Voodoo Sessions/08 Shashkin (Hefner Remix).mp3
Feb 18 12:50 : update: added quasimoto/zero 7 - another late night/Zero 7 - Another Late Night - 02 - quasimoto - real eyes.mp3
Feb 18 12:50 : update: added roots manuva/zero 7 - another late night/Zero 7 - Another Late Night - 03 - roots manuva - witness (walworth road rockers dub).mp3
Feb 18 12:50 : update: added Scann-Tec/The Man Who Lives Offline/01 Charm Of Mathematical Harmony.mp3
Feb 18 12:50 : update: added Scann-Tec/The Man Who Lives Offline/02 Dakk.mp3
Feb 18 12:50 : update: added Scann-Tec/The Man Who Lives Offline/03 Evacuator.mp3
Feb 18 12:50 : update: added Scann-Tec/The Man Who Lives Offline/04 Fog Of War.mp3
Feb 18 12:50 : update: added Scann-Tec/The Man Who Lives Offline/05 Konstanta.mp3
Feb 18 12:50 : update: added Scann-Tec/The Man Who Lives Offline/06 Mr Trombony.mp3
Feb 18 12:50 : update: added Scann-Tec/Transient Vision/01 Illuzzion.mp3
Feb 18 12:50 : update: added Scann-Tec/Transient Vision/02 It's Real.mp3
Feb 18 12:50 : update: added Scann-Tec/Transient Vision/03 Lord Of The Human.mp3
Feb 18 12:50 : update: added Scann-Tec/Transient Vision/04 Starfall.mp3
Feb 18 12:50 : update: added Scann-Tec/Transient Vision/05 Opasnaya Voda.mp3
Feb 18 12:50 : update: added Scann-Tec/Transient Vision/06 Village Of Silence.mp3
Feb 18 12:50 : update: added Scann-Tec/Visiting Sky/01 Real Pleasure.mp3
Feb 18 12:50 : update: added Scann-Tec/Visiting Sky/02 Mne Kazhetsya.mp3
Feb 18 12:50 : update: added Scann-Tec/Visiting Sky/03 Zwuk V Kotorom Ti Pishesh.mp3
Feb 18 12:50 : update: added serge gainsbourg/zero 7 - another late night/10 bonnie & clyde (herbert's fred & ginger mix) 1.mp3
Feb 18 12:50 : update: added serge gainsbourg/zero 7 - another late night/10 bonnie & clyde (herbert's fred & ginger mix).mp3
Feb 18 12:50 : update: added shawn lee/zero 7 - another late night/11 happiness (ashley beedle's west coast mix) 1.mp3
Feb 18 12:50 : update: added shawn lee/zero 7 - another late night/11 happiness (ashley beedle's west coast mix).mp3
Feb 18 12:50 : update: added Shpongle/Ineffable Mysteries from Shpongleland/03 Nothing Is Something Worth Doing.m4a
Feb 18 12:50 : update: added slum village/zero 7 - another late night/04 jealousy 1.mp3
Feb 18 12:50 : update: added slum village/zero 7 - another late night/04 jealousy.mp3
Feb 18 12:50 : update: added Smashing Pumpkins/Rarities and B-Sides/97 The End Is the Beginning Is the End.m4a
Feb 18 12:50 : update: added souls of mischief/zero 7 - another late night/08 93 'til infinity 1.mp3
Feb 18 12:50 : update: added souls of mischief/zero 7 - another late night/08 93 'til infinity.mp3
Feb 18 12:50 : update: added Stearica/Oltre/01 Le Donne Non S'Offrono.m4a
Feb 18 12:50 : update: added Stearica/Oltre/02 Sky Smokes Clouds.m4a
Feb 18 12:50 : update: added Stearica/Oltre/03 Bolero On Botero.m4a
Feb 18 12:50 : update: added Stearica/Oltre/04 E Ogni Cosa Scompare.m4a
Feb 18 12:50 : update: added Stearica/Oltre/05 Up East.m4a
Feb 18 12:50 : update: added Stearica/Oltre/06 Beyond the Red Bells I've Heard Gold Bulls.m4a
Feb 18 12:50 : update: added Stearica/Oltre/07 W. The King of Assholes.m4a
Feb 18 12:50 : update: added Stearica/Oltre/08 22nd August.m4a
Feb 18 12:50 : update: added Stearica/Oltre/09 21st August.m4a
Feb 18 12:50 : update: added Stearica/Oltre/10 Occhio.m4a
Feb 18 12:50 : update: added sylvia striplin/zero 7 - another late night/12 you can't turn me away.mp3
Feb 18 12:50 : update: added The Bug vs. The Rootsman Feat. He-Man/Back to Mine_ The Voodoo Sessions/11 Killer.mp3
Feb 18 12:50 : update: added the cinematic orchestra/zero 7 - another late night/05 channel 1 suite 1.mp3
Feb 18 12:50 : update: added the cinematic orchestra/zero 7 - another late night/05 channel 1 suite.mp3
Feb 18 12:50 : update: added the stylistics/zero 7 - another late night/16 people make the world go round.mp3
Feb 18 12:50 : update: added Unknown Artist/Unknown Album/blossom.mp3
Feb 18 12:50 : update: added Unknown Artist/Unknown Album/forest_ambiance.mp3
Feb 18 12:50 : update: added Unknown Artist/Unknown Album/gonna be cold.mp3
Feb 18 12:50 : update: added Unknown Artist/Unknown Album/guit_test.mp3
Feb 18 12:50 : update: added Unknown Artist/Unknown Album/hazel grove.mp3
Feb 18 12:50 : update: added Unknown Artist/Unknown Album/junk jack.mp3
Feb 18 12:50 : update: added Unknown Artist/Unknown Album/rockjack.mp3
Feb 18 12:50 : update: added Unknown Artist/Unknown Album/shipping news bozza no mix.mp3
Feb 18 12:50 : update: added Uochi Toki/Cuore amore errore disintegrazione/01 Appena risalito dall'abisso.m4a
Feb 18 12:50 : update: added Uochi Toki/Cuore amore errore disintegrazione/02 Mi sveglio da straniero in un luogo mai visto prima, tuttavia,.m4a
Feb 18 12:50 : update: added Uochi Toki/Libro audio/01 Il cinico.m4a
Feb 18 12:50 : update: added Uochi Toki/Libro audio/02 I mangiatori di patate.m4a
Feb 18 12:50 : update: added Uochi Toki/Libro audio/03 Il nonno, il bisnonno.m4a
Feb 18 12:50 : update: added Uochi Toki/Libro audio/04 Il ballerino.m4a
Feb 18 12:50 : update: added Uochi Toki/Libro audio/05 Il non-illuminato.m4a
Feb 18 12:50 : update: added Uochi Toki/Libro audio/06 L'osservatore, l'osservatore 1.m4a
Feb 18 12:50 : update: added Uochi Toki/Libro audio/07 Il ladro.m4a
Feb 18 12:50 : update: added Uochi Toki/Libro audio/08 Il piromane.m4a
Feb 18 12:50 : update: added Uochi Toki/Libro audio/09 Il claustrofobico.m4a
Feb 18 12:50 : update: added Uochi Toki/Libro audio/10 Lo spadaccino.m4a
Feb 18 12:50 : update: added Uochi Toki/Libro audio/11 Il necromante.m4a
Feb 18 12:50 : update: added Uochi Toki/Libro audio/12 La bestia.m4a
Feb 18 12:50 : update: added Vessels/Helioscope/01 Monoform.mp3
Feb 18 12:50 : update: added Vessels/Helioscope/02 The Trap.mp3
Feb 18 12:50 : update: added Vessels/Helioscope/03 Recur.mp3
Feb 18 12:50 : update: added Vessels/Helioscope/04 Later Than You Think.mp3
Feb 18 12:50 : update: added Vessels/Helioscope/05 Meatman, Piano Tuner, Prostitute.mp3
Feb 18 12:50 : update: added Vessels/Helioscope/06 Art_Choke.mp3
Feb 18 12:50 : update: added Vessels/Helioscope/07 Heal.mp3
Feb 18 12:50 : update: added Vessels/Helioscope/08 All Our Ends.mp3
Feb 18 12:50 : update: added Vessels/Helioscope/09 Spun Infinite.mp3
Feb 18 12:50 : update: added yesterday's new quintet/zero 7 - another late night/Zero 7 - Another Late Night - 01 - yesterday's new quintet - sunrays.mp3
Feb 18 12:50 : update: added Zero 7/The Garden/01 Futures - Feat. Jose Gonzales 1.mp3
Feb 18 12:50 : update: added Zero 7/The Garden/02 Throw It All Away - Feat. Sia 1.mp3
Feb 18 12:50 : update: added Zero 7/The Garden/03 Seeing Things 1.mp3
Feb 18 12:50 : update: added Zero 7/The Garden/04 Pageant Of The Bizarre - Feat. Sia 1.mp3
Feb 18 12:50 : update: added Zero 7/The Garden/05 You're My Flame - Feat. Sia 1.mp3
Feb 18 12:50 : update: added Zero 7/The Garden/06 Left Behind - Feat. Jose Gonzales 1.mp3
Feb 18 12:50 : update: added Zero 7/The Garden/07 Today - Feat. Jose Gonzales 1.mp3
Feb 18 12:50 : update: added Zero 7/The Garden/08 This Fine Social Scene - Feat. Sia 1.mp3
Feb 18 12:50 : update: added Zero 7/The Garden/09 Your Place 1.mp3
Feb 18 12:50 : update: added Zero 7/The Garden/10 If I Can't Have You - Feat. Sia 1.mp3
Feb 18 12:50 : update: added Zero 7/The Garden/11 Crosses - Feat. Jose Gonzales 1.mp3
Feb 18 12:50 : update: added Zero 7/The Garden/12 Waiting To Die 1.mp3
Feb 18 12:50 : update: added Zero 7/zero 7 - another late night/15 truth & rights.mp3
Feb 18 12:56 : bonjour: Registered zeroconf service with name 'Music Player'
Feb 18 12:57 : client: [0] opened from 127.0.0.1:53183
Feb 18 12:57 : client: [0] process command "play"
Feb 18 12:57 : client: [0] command returned 0
Feb 18 12:57 : client: [0] process command list
Feb 18 12:57 : client: command_process_list: process command "status"
Feb 18 12:57 : client: command_process_list: command returned 0
Feb 18 12:57 : client: command_process_list: process command "currentsong"
Feb 18 12:57 : client: command_process_list: command returned 0
Feb 18 12:57 : client: [0] process command list returned 0
Feb 18 12:57 : client: [0] closed
Feb 18 12:58 : client: [1] opened from 127.0.0.1:53184
Feb 18 12:58 : client: [1] process command list
Feb 18 12:58 : client: command_process_list: process command "update """
Feb 18 12:58 : update: spawned thread for update job id 1
Feb 18 12:58 : update: starting
Feb 18 12:58 : client: command_process_list: command returned 0
Feb 18 12:58 : client: [1] process command list returned 0
Feb 18 12:58 : client: [1] process command list
Feb 18 12:58 : client: command_process_list: process command "status"
Feb 18 12:58 : client: command_process_list: command returned 0
Feb 18 12:58 : client: command_process_list: process command "currentsong"
Feb 18 12:58 : client: command_process_list: command returned 0
Feb 18 12:58 : client: [1] process command list returned 0
Feb 18 12:58 : client: [1] closed
Feb 18 12:58 : update: finished
Feb 18 12:58 : client: [2] opened from 127.0.0.1:53185
Feb 18 12:58 : client: [2] process command list
Feb 18 12:58 : client: command_process_list: process command "update """
Feb 18 12:58 : update: spawned thread for update job id 2
Feb 18 12:58 : update: starting
Feb 18 12:58 : client: command_process_list: command returned 0
Feb 18 12:58 : client: [2] process command list returned 0
Feb 18 12:58 : client: [2] process command list
Feb 18 12:58 : client: command_process_list: process command "status"
Feb 18 12:58 : client: command_process_list: command returned 0
Feb 18 12:58 : client: command_process_list: process command "currentsong"
Feb 18 12:58 : client: command_process_list: command returned 0
Feb 18 12:58 : client: [2] process command list returned 0
Feb 18 12:58 : client: [2] closed
Feb 18 12:58 : update: finished
Feb 18 12:58 : client: [3] opened from 127.0.0.1:53186
Feb 18 12:58 : client: [3] process command "stats"
Feb 18 12:58 : client: [3] command returned 0
Feb 18 12:58 : client: [3] closed
Feb 18 12:58 : client: [4] opened from 127.0.0.1:53187
Feb 18 12:58 : client: [4] process command "play"
Feb 18 12:58 : client: [4] command returned 0
Feb 18 12:58 : client: [4] process command list
Feb 18 12:58 : client: command_process_list: process command "status"
Feb 18 12:58 : client: command_process_list: command returned 0
Feb 18 12:58 : client: command_process_list: process command "currentsong"
Feb 18 12:58 : client: command_process_list: command returned 0
Feb 18 12:58 : client: [4] process command list returned 0
Feb 18 12:58 : client: [4] closed
Feb 18 12:58 : client: [5] opened from 127.0.0.1:53188
Feb 18 12:58 : client: [5] process command list
Feb 18 12:58 : client: command_process_list: process command "status"
Feb 18 12:58 : client: command_process_list: command returned 0
Feb 18 12:58 : client: command_process_list: process command "currentsong"
Feb 18 12:58 : client: command_process_list: command returned 0
Feb 18 12:58 : client: [5] process command list returned 0
Feb 18 12:58 : client: [5] closed
Feb 18 12:58 : client: [6] opened from 127.0.0.1:53189
Feb 18 12:58 : client: [6] process command "playlistinfo"
Feb 18 12:58 : client: [6] command returned 0
Feb 18 12:58 : client: [6] closed
Feb 18 12:59 : client: [7] opened from 127.0.0.1:53190
Feb 18 12:59 : client: [7] process command "status"
Feb 18 12:59 : client: [7] command returned 0
Feb 18 12:59 : client: [7] process command list
Feb 18 12:59 : client: command_process_list: process command "status"
Feb 18 12:59 : client: command_process_list: command returned 0
Feb 18 12:59 : client: command_process_list: process command "currentsong"
Feb 18 12:59 : client: command_process_list: command returned 0
Feb 18 12:59 : client: [7] process command list returned 0
Feb 18 12:59 : client: [7] closed
Feb 18 12:59 : client: [8] opened from 127.0.0.1:53193
Feb 18 12:59 : client: [8] process command "listall """
Feb 18 12:59 : client: [8] command returned 0
Feb 18 12:59 : client: [8] closed
Feb 18 13:00 : client: [9] opened from 127.0.0.1:53200
Feb 18 13:00 : client: [9] process command list
Feb 18 13:00 : client: command_process_list: process command "add "Vessels/Helioscope/07 Heal.mp3""
Feb 18 13:00 : database: get song: Vessels/Helioscope/07 Heal.mp3
Feb 18 13:00 : client: command_process_list: command returned 0
Feb 18 13:00 : client: [9] process command list returned 0
Feb 18 13:00 : client: [9] closed
Feb 18 13:00 : client: [10] opened from 127.0.0.1:53201
Feb 18 13:00 : client: [10] process command "play"
Feb 18 13:00 : playlist: play 0:"Vessels/Helioscope/07 Heal.mp3"
Feb 18 13:00 : decoder_thread: clearing mixramp tags
Feb 18 13:00 : decoder_control: mixramp_start = NULL
Feb 18 13:00 : decoder_control: mixramp_prev_end = NULL
Feb 18 13:00 : client: [10] command returned 0
Feb 18 13:00 : client: [10] process command list
Feb 18 13:00 : client: command_process_list: process command "status"
Feb 18 13:00 : client: command_process_list: command returned 0
Feb 18 13:00 : client: command_process_list: process command "currentsong"
Feb 18 13:00 : client: command_process_list: command returned 0
Feb 18 13:00 : client: [10] process command list returned 0
Feb 18 13:00 : client: [10] closed
Feb 18 13:00 : decoder: audio_format=44100:24:2, seekable=true
Feb 18 13:00 : output: opened plugin=osx name="default detected output" audio_format=44100:16:2
Feb 18 13:00 : output: converting from 44100:24:2
Feb 18 13:00 : client: [11] opened from 127.0.0.1:53202
Feb 18 13:00 : client: [11] process command "playlistinfo"
Feb 18 13:00 : client: [11] command returned 0
Feb 18 13:00 : client: [11] closed
Feb 18 13:00 : client: [12] opened from 127.0.0.1:53203
Feb 18 13:00 : client: [12] process command "playlistinfo"
Feb 18 13:00 : client: [12] command returned 0
Feb 18 13:00 : client: [12] closed
Feb 18 13:01 : client: [13] opened from 127.0.0.1:53206
Feb 18 13:01 : client: [13] process command "search any "Zero""
Feb 18 13:01 : client: [13] command returned 0
Feb 18 13:01 : client: [13] closed
Feb 18 13:01 : client: [14] opened from 127.0.0.1:53207
Feb 18 13:01 : client: [14] process command "search any "Zero""
Feb 18 13:01 : client: [14] command returned 0
Feb 18 13:01 : client: [14] closed
Feb 18 13:02 : playlist: stop
Feb 18 13:02 : output: closed plugin=osx name="default detected output"
Feb 18 13:11 : client: [15] opened from 127.0.0.1:53312
Feb 18 13:11 : client: [15] process command "search any "Zero""
Feb 18 13:11 : client: [15] command returned 0
Feb 18 13:11 : client: [15] closed
Feb 18 13:11 : client: [16] opened from 127.0.0.1:53315
Feb 18 13:11 : client: [16] closed
Feb 18 13:11 : client: [17] opened from 127.0.0.1:53316
Feb 18 13:11 : client: [17] process command list
Feb 18 13:11 : client: command_process_list: process command "status"
Feb 18 13:11 : client: command_process_list: command returned 0
Feb 18 13:11 : client: command_process_list: process command "currentsong"
Feb 18 13:11 : client: command_process_list: command returned 0
Feb 18 13:11 : client: [17] process command list returned 0
Feb 18 13:11 : client: [17] closed
Feb 18 13:11 : client: [18] opened from 127.0.0.1:53319
Feb 18 13:11 : client: [18] process command "list Artist"
Feb 18 13:11 : client: [18] command returned 0
Feb 18 13:11 : client: [18] closed
Feb 18 13:11 : client: [19] opened from 127.0.0.1:53320
Feb 18 13:11 : client: [19] closed
Feb 18 13:11 : client: [20] opened from 127.0.0.1:53321
Feb 18 13:11 : client: [20] process command list
Feb 18 13:11 : client: command_process_list: process command "status"
Feb 18 13:11 : client: command_process_list: command returned 0
Feb 18 13:11 : client: command_process_list: process command "currentsong"
Feb 18 13:11 : client: command_process_list: command returned 0
Feb 18 13:11 : client: [20] process command list returned 0
Feb 18 13:11 : client: [20] closed
Feb 18 13:11 : client: [21] opened from 127.0.0.1:53322
Feb 18 13:11 : client: [21] process command "list Artist"
Feb 18 13:11 : client: [21] command returned 0
Feb 18 13:11 : client: [21] closed
Feb 18 13:11 : client: [22] opened from 127.0.0.1:53323
Feb 18 13:11 : client: [22] process command "list Name"
Feb 18 13:11 : client: [22] command returned 0
Feb 18 13:11 : client: [22] closed
Feb 18 13:11 : client: [23] opened from 127.0.0.1:53325
Feb 18 13:11 : client: [23] process command "list Track"
Feb 18 13:11 : client: [23] command returned 0
Feb 18 13:11 : client: [23] closed
Feb 18 13:11 : client: [24] opened from 127.0.0.1:53326
Feb 18 13:11 : client: [24] process command list
Feb 18 13:11 : client: command_process_list: process command "status"
Feb 18 13:11 : client: command_process_list: command returned 0
Feb 18 13:11 : client: command_process_list: process command "currentsong"
Feb 18 13:11 : client: command_process_list: command returned 0
Feb 18 13:11 : client: [24] process command list returned 0
Feb 18 13:11 : client: [24] closed
Feb 18 13:12 : client: [25] opened from 127.0.0.1:53327
Feb 18 13:12 : client: [25] process command list
Feb 18 13:12 : client: command_process_list: process command "status"
Feb 18 13:12 : client: command_process_list: command returned 0
Feb 18 13:12 : client: command_process_list: process command "currentsong"
Feb 18 13:12 : client: command_process_list: command returned 0
Feb 18 13:12 : client: [25] process command list returned 0
Feb 18 13:12 : client: [25] closed
Feb 18 13:12 : client: [26] opened from 127.0.0.1:53328
Feb 18 13:12 : client: [26] process command "list Title"
Feb 18 13:12 : client: [26] command returned 0
Feb 18 13:12 : client: [26] closed
Feb 18 13:12 : client: [27] opened from 127.0.0.1:53329
Feb 18 13:12 : client: [27] process command "search any "Artist""
Feb 18 13:12 : client: [27] command returned 0
Feb 18 13:12 : client: [27] closed
Feb 18 13:12 : client: [28] opened from 127.0.0.1:53330
Feb 18 13:12 : client: [28] process command "listall """
Feb 18 13:12 : client: [28] command returned 0
Feb 18 13:12 : client: [28] closed
Feb 18 13:14 : client: [29] opened from 127.0.0.1:53336
Feb 18 13:14 : client: [29] process command "playlistinfo"
Feb 18 13:14 : client: [29] command returned 0
Feb 18 13:14 : client: [29] closed
Feb 18 13:21 : client: [30] opened from 127.0.0.1:53355
Feb 18 13:21 : client: [30] process command "listall """
Feb 18 13:21 : client: [30] command returned 0
Feb 18 13:21 : client: [30] closed
Feb 18 13:22 : client: [31] opened from 127.0.0.1:53358
Feb 18 13:22 : client: [31] process command "listall """
Feb 18 13:22 : client: [31] command returned 0
Feb 18 13:22 : client: [31] closed
Feb 18 13:28 : client: [32] opened from 127.0.0.1:53387
Feb 18 13:28 : client: [32] process command "playlistinfo"
Feb 18 13:28 : client: [32] command returned 0
Feb 18 13:28 : client: [32] closed
Feb 18 13:28 : client: [33] opened from 127.0.0.1:53388
Feb 18 13:28 : client: [33] process command "status"
Feb 18 13:28 : client: [33] command returned 0
Feb 18 13:28 : client: [33] process command list
Feb 18 13:28 : client: command_process_list: process command "delete "0""
Feb 18 13:28 : client: command_process_list: command returned 0
Feb 18 13:28 : client: [33] process command list returned 0
Feb 18 13:28 : client: [33] closed
Feb 18 13:28 : client: [34] opened from 127.0.0.1:53389
Feb 18 13:28 : client: [34] process command "playlistinfo"
Feb 18 13:28 : client: [34] command returned 0
Feb 18 13:28 : client: [34] closed
Feb 18 13:29 : client: [35] opened from 127.0.0.1:53394
Feb 18 13:29 : client: [35] process command "listall """
Feb 18 13:29 : client: [35] command returned 0
Feb 18 13:29 : client: [35] closed
Feb 18 13:29 : client: [36] opened from 127.0.0.1:53395
Feb 18 13:29 : client: [36] process command "listall """
Feb 18 13:29 : client: [36] command returned 0
Feb 18 13:29 : client: [36] closed
Feb 18 13:29 : client: [37] opened from 127.0.0.1:53396
Feb 18 13:29 : client: [37] process command "playlistinfo"
Feb 18 13:29 : client: [37] command returned 0
Feb 18 13:29 : client: [37] closed
Feb 18 13:29 : client: [38] opened from 127.0.0.1:53397
Feb 18 13:29 : client: [38] process command "playlistinfo"
Feb 18 13:29 : client: [38] command returned 0
Feb 18 13:29 : client: [38] closed
Feb 18 13:29 : client: [39] opened from 127.0.0.1:53398
Feb 18 13:29 : client: [39] process command list
Feb 18 13:29 : client: command_process_list: process command "add "Brontide/Sans souci/01 Matador.m4a""
Feb 18 13:29 : database: get song: Brontide/Sans souci/01 Matador.m4a
Feb 18 13:29 : client: command_process_list: command returned 0
Feb 18 13:29 : client: [39] process command list returned 0
Feb 18 13:29 : client: [39] closed
Feb 18 13:29 : client: [40] opened from 127.0.0.1:53399
Feb 18 13:29 : client: [40] process command "playlistinfo"
Feb 18 13:29 : client: [40] command returned 0
Feb 18 13:29 : client: [40] closed
Feb 18 13:30 : client: [41] opened from 127.0.0.1:53403
Feb 18 13:30 : client: [41] process command "status"
Feb 18 13:30 : client: [41] command returned 0
Feb 18 13:30 : client: [41] process command list
Feb 18 13:30 : client: command_process_list: process command "delete "0""
Feb 18 13:30 : client: command_process_list: command returned 0
Feb 18 13:30 : client: [41] process command list returned 0
Feb 18 13:30 : client: [41] closed
Feb 18 13:30 : client: [42] opened from 127.0.0.1:53404
Feb 18 13:30 : client: [42] process command list
Feb 18 13:30 : client: command_process_list: process command "add "Brontide - Matador""
Feb 18 13:30 : database: get song: Brontide - Matador
Feb 18 13:30 : client: command_process_list: command returned -1
Feb 18 13:30 : client: [42] process command list returned -1
Feb 18 13:30 : client: [42] closed
Feb 18 13:30 : client: [43] opened from 127.0.0.1:53405
Feb 18 13:30 : client: [43] process command list
Feb 18 13:30 : client: command_process_list: process command "add "Brontide/Sans souci/01 Matador.m4a""
Feb 18 13:30 : database: get song: Brontide/Sans souci/01 Matador.m4a
Feb 18 13:30 : client: command_process_list: command returned 0
Feb 18 13:30 : client: [43] process command list returned 0
Feb 18 13:30 : client: [43] closed
Feb 18 13:30 : client: [44] opened from 127.0.0.1:53407
Feb 18 13:30 : client: [44] process command "listall """
Feb 18 13:30 : client: [44] command returned 0
Feb 18 13:30 : client: [44] closed
Feb 18 13:31 : client: [45] opened from 127.0.0.1:53408
Feb 18 13:31 : client: [45] process command list
Feb 18 13:31 : client: command_process_list: process command "add "Brontide/Sans souci/02 Limehouse Ink.m4a""
Feb 18 13:31 : database: get song: Brontide/Sans souci/02 Limehouse Ink.m4a
Feb 18 13:31 : client: command_process_list: command returned 0
Feb 18 13:31 : client: [45] process command list returned 0
Feb 18 13:31 : client: [45] closed
Feb 18 13:31 : client: [46] opened from 127.0.0.1:53409
Feb 18 13:31 : client: [46] process command "playlistinfo"
Feb 18 13:31 : client: [46] command returned 0
Feb 18 13:31 : client: [46] closed
Feb 18 13:31 : client: [47] opened from 127.0.0.1:53416
Feb 18 13:31 : client: [47] process command "playlistinfo"
Feb 18 13:31 : client: [47] command returned 0
Feb 18 13:31 : client: [47] closed
Feb 18 13:31 : client: [48] opened from 127.0.0.1:53417
Feb 18 13:31 : client: [48] process command "listall """
Feb 18 13:31 : client: [48] command returned 0
Feb 18 13:31 : client: [48] closed
Feb 18 13:32 : client: [49] opened from 127.0.0.1:53420
Feb 18 13:32 : client: [49] process command "playlistinfo"
Feb 18 13:32 : client: [49] command returned 0
Feb 18 13:32 : client: [49] closed
Feb 18 13:32 : client: [50] opened from 127.0.0.1:53421
Feb 18 13:32 : client: [50] process command "listall """
Feb 18 13:32 : client: [50] command returned 0
Feb 18 13:32 : client: [50] closed
Feb 18 13:32 : client: [51] opened from 127.0.0.1:53424
Feb 18 13:32 : client: [51] process command "playlistinfo"
Feb 18 13:32 : client: [51] command returned 0
Feb 18 13:32 : client: [51] closed
Feb 18 13:32 : client: [52] opened from 127.0.0.1:53425
Feb 18 13:32 : client: [52] process command "listall """
Feb 18 13:32 : client: [52] command returned 0
Feb 18 13:32 : client: [52] closed
Feb 18 13:32 : client: [53] opened from 127.0.0.1:53428
Feb 18 13:32 : client: [53] process command "playlistinfo"
Feb 18 13:32 : client: [53] command returned 0
Feb 18 13:32 : client: [53] closed
Feb 18 13:32 : client: [54] opened from 127.0.0.1:53429
Feb 18 13:32 : client: [54] process command "listall """
Feb 18 13:32 : client: [54] command returned 0
Feb 18 13:32 : client: [54] closed
Feb 18 13:32 : client: [55] opened from 127.0.0.1:53432
Feb 18 13:32 : client: [55] process command "playlistinfo"
Feb 18 13:32 : client: [55] command returned 0
Feb 18 13:32 : client: [55] closed
Feb 18 13:32 : client: [56] opened from 127.0.0.1:53433
Feb 18 13:32 : client: [56] process command "listall """
Feb 18 13:32 : client: [56] command returned 0
Feb 18 13:32 : client: [56] closed
Feb 18 13:32 : client: [57] opened from 127.0.0.1:53436
Feb 18 13:32 : client: [57] process command "playlistinfo"
Feb 18 13:32 : client: [57] command returned 0
Feb 18 13:32 : client: [57] closed
Feb 18 13:32 : client: [58] opened from 127.0.0.1:53437
Feb 18 13:32 : client: [58] process command "listall """
Feb 18 13:32 : client: [58] command returned 0
Feb 18 13:32 : client: [58] closed
Feb 18 13:32 : client: [59] opened from 127.0.0.1:53440
Feb 18 13:32 : client: [59] process command "playlistinfo"
Feb 18 13:32 : client: [59] command returned 0
Feb 18 13:32 : client: [59] closed
Feb 18 13:32 : client: [60] opened from 127.0.0.1:53441
Feb 18 13:32 : client: [60] process command "listall """
Feb 18 13:32 : client: [60] command returned 0
Feb 18 13:32 : client: [60] closed
Feb 18 13:32 : client: [61] opened from 127.0.0.1:53444
Feb 18 13:32 : client: [61] process command "playlistinfo"
Feb 18 13:32 : client: [61] command returned 0
Feb 18 13:32 : client: [61] closed
Feb 18 13:32 : client: [62] opened from 127.0.0.1:53445
Feb 18 13:32 : client: [62] process command "listall """
Feb 18 13:32 : client: [62] command returned 0
Feb 18 13:32 : client: [62] closed
Feb 18 13:32 : client: [63] opened from 127.0.0.1:53448
Feb 18 13:32 : client: [63] process command "playlistinfo"
Feb 18 13:32 : client: [63] command returned 0
Feb 18 13:32 : client: [63] closed
Feb 18 13:32 : client: [64] opened from 127.0.0.1:53449
Feb 18 13:32 : client: [64] process command "listall """
Feb 18 13:32 : client: [64] command returned 0
Feb 18 13:32 : client: [64] closed
Feb 18 13:33 : client: [65] opened from 127.0.0.1:53455
Feb 18 13:33 : client: [65] process command "playlistinfo"
Feb 18 13:33 : client: [65] command returned 0
Feb 18 13:33 : client: [65] closed
Feb 18 13:33 : client: [66] opened from 127.0.0.1:53456
Feb 18 13:33 : client: [66] process command "listall """
Feb 18 13:33 : client: [66] command returned 0
Feb 18 13:33 : client: [66] closed
Feb 18 13:33 : client: [67] opened from 127.0.0.1:53458
Feb 18 13:33 : client: [67] process command "playlistinfo"
Feb 18 13:33 : client: [67] command returned 0
Feb 18 13:33 : client: [67] closed
Feb 18 13:33 : client: [68] opened from 127.0.0.1:53459
Feb 18 13:33 : client: [68] process command "listall """
Feb 18 13:33 : client: [68] command returned 0
Feb 18 13:33 : client: [68] closed
Feb 18 13:33 : client: [69] opened from 127.0.0.1:53461
Feb 18 13:33 : client: [69] process command "playlistinfo"
Feb 18 13:33 : client: [69] command returned 0
Feb 18 13:33 : client: [69] closed
Feb 18 13:33 : client: [70] opened from 127.0.0.1:53462
Feb 18 13:33 : client: [70] process command "listall """
Feb 18 13:33 : client: [70] command returned 0
Feb 18 13:33 : client: [70] closed
Feb 18 13:34 : client: [71] opened from 127.0.0.1:53465
Feb 18 13:34 : client: [71] process command "playlistinfo"
Feb 18 13:34 : client: [71] command returned 0
Feb 18 13:34 : client: [71] closed
Feb 18 13:34 : client: [72] opened from 127.0.0.1:53466
Feb 18 13:34 : client: [72] process command "listall """
Feb 18 13:34 : client: [72] command returned 0
Feb 18 13:34 : client: [72] closed
Feb 18 13:34 : client: [73] opened from 127.0.0.1:53468
Feb 18 13:34 : client: [73] process command "playlistinfo"
Feb 18 13:34 : client: [73] command returned 0
Feb 18 13:34 : client: [73] closed
Feb 18 13:34 : client: [74] opened from 127.0.0.1:53469
Feb 18 13:34 : client: [74] process command "listall """
Feb 18 13:34 : client: [74] command returned 0
Feb 18 13:34 : client: [74] closed
Feb 18 13:34 : client: [75] opened from 127.0.0.1:53471
Feb 18 13:34 : client: [75] process command "playlistinfo"
Feb 18 13:34 : client: [75] command returned 0
Feb 18 13:34 : client: [75] closed
Feb 18 13:34 : client: [76] opened from 127.0.0.1:53472
Feb 18 13:34 : client: [76] process command "listall """
Feb 18 13:34 : client: [76] command returned 0
Feb 18 13:34 : client: [76] closed
Feb 18 13:35 : client: [77] opened from 127.0.0.1:53475
Feb 18 13:35 : client: [77] process command "playlistinfo"
Feb 18 13:35 : client: [77] command returned 0
Feb 18 13:35 : client: [77] closed
Feb 18 13:35 : client: [78] opened from 127.0.0.1:53476
Feb 18 13:35 : client: [78] process command "listall """
Feb 18 13:35 : client: [78] command returned 0
Feb 18 13:35 : client: [78] closed
Feb 18 13:35 : client: [79] opened from 127.0.0.1:53478
Feb 18 13:35 : client: [79] process command "playlistinfo"
Feb 18 13:35 : client: [79] command returned 0
Feb 18 13:35 : client: [79] closed
Feb 18 13:35 : client: [80] opened from 127.0.0.1:53479
Feb 18 13:35 : client: [80] process command "listall """
Feb 18 13:35 : client: [80] command returned 0
Feb 18 13:35 : client: [80] closed
Feb 18 13:35 : client: [81] opened from 127.0.0.1:53483
Feb 18 13:35 : client: [81] process command "playlistinfo"
Feb 18 13:35 : client: [81] command returned 0
Feb 18 13:35 : client: [81] closed
Feb 18 13:35 : client: [82] opened from 127.0.0.1:53484
Feb 18 13:35 : client: [82] process command "listall """
Feb 18 13:35 : client: [82] command returned 0
Feb 18 13:35 : client: [82] closed
Feb 18 13:35 : client: [83] opened from 127.0.0.1:53487
Feb 18 13:35 : client: [83] process command "playlistinfo"
Feb 18 13:35 : client: [83] command returned 0
Feb 18 13:35 : client: [83] closed
Feb 18 13:35 : client: [84] opened from 127.0.0.1:53488
Feb 18 13:35 : client: [84] process command "listall """
Feb 18 13:35 : client: [84] command returned 0
Feb 18 13:35 : client: [84] closed
Feb 18 13:36 : client: [85] opened from 127.0.0.1:53492
Feb 18 13:36 : client: [85] process command "playlistinfo"
Feb 18 13:36 : client: [85] command returned 0
Feb 18 13:36 : client: [85] closed
Feb 18 13:36 : client: [86] opened from 127.0.0.1:53493
Feb 18 13:36 : client: [86] process command "listall """
Feb 18 13:36 : client: [86] command returned 0
Feb 18 13:36 : client: [86] closed
Feb 18 13:36 : client: [87] opened from 127.0.0.1:53497
Feb 18 13:36 : client: [87] process command "playlistinfo"
Feb 18 13:36 : client: [87] command returned 0
Feb 18 13:36 : client: [87] closed
Feb 18 13:36 : client: [88] opened from 127.0.0.1:53498
Feb 18 13:36 : client: [88] process command "listall """
Feb 18 13:36 : client: [88] command returned 0
Feb 18 13:36 : client: [88] closed
Feb 18 13:36 : client: [89] opened from 127.0.0.1:53500
Feb 18 13:36 : client: [89] process command "playlistinfo"
Feb 18 13:36 : client: [89] command returned 0
Feb 18 13:36 : client: [89] closed
Feb 18 13:36 : client: [90] opened from 127.0.0.1:53501
Feb 18 13:36 : client: [90] process command "listall """
Feb 18 13:36 : client: [90] command returned 0
Feb 18 13:36 : client: [90] closed
Feb 18 13:36 : client: [91] opened from 127.0.0.1:53503
Feb 18 13:36 : client: [91] process command "playlistinfo"
Feb 18 13:36 : client: [91] command returned 0
Feb 18 13:36 : client: [91] closed
Feb 18 13:36 : client: [92] opened from 127.0.0.1:53504
Feb 18 13:36 : client: [92] process command "listall """
Feb 18 13:36 : client: [92] command returned 0
Feb 18 13:36 : client: [92] closed
Feb 18 13:37 : client: [93] opened from 127.0.0.1:53508
Feb 18 13:37 : client: [93] process command "playlistinfo"
Feb 18 13:37 : client: [93] command returned 0
Feb 18 13:37 : client: [93] closed
Feb 18 13:37 : client: [94] opened from 127.0.0.1:53509
Feb 18 13:37 : client: [94] process command "listall """
Feb 18 13:37 : client: [94] command returned 0
Feb 18 13:37 : client: [94] closed
Feb 18 13:37 : client: [95] opened from 127.0.0.1:53511
Feb 18 13:37 : client: [95] process command "playlistinfo"
Feb 18 13:37 : client: [95] command returned 0
Feb 18 13:37 : client: [95] closed
Feb 18 13:37 : client: [96] opened from 127.0.0.1:53512
Feb 18 13:37 : client: [96] process command "listall """
Feb 18 13:37 : client: [96] command returned 0
Feb 18 13:37 : client: [96] closed
Feb 18 13:37 : client: [97] opened from 127.0.0.1:53524
Feb 18 13:37 : client: [97] process command "playlistinfo"
Feb 18 13:37 : client: [97] command returned 0
Feb 18 13:37 : client: [97] closed
Feb 18 13:37 : client: [98] opened from 127.0.0.1:53525
Feb 18 13:37 : client: [98] process command "listall """
Feb 18 13:37 : client: [98] command returned 0
Feb 18 13:37 : client: [98] closed
Feb 18 13:39 : client: [99] opened from 127.0.0.1:53529
Feb 18 13:39 : client: [99] process command "playlistinfo"
Feb 18 13:39 : client: [99] command returned 0
Feb 18 13:39 : client: [99] closed
Feb 18 13:39 : client: [100] opened from 127.0.0.1:53530
Feb 18 13:39 : client: [100] process command "listall """
Feb 18 13:39 : client: [100] command returned 0
Feb 18 13:39 : client: [100] closed
Feb 18 13:40 : client: [101] opened from 127.0.0.1:53568
Feb 18 13:40 : client: [101] process command "playlistinfo"
Feb 18 13:40 : client: [101] command returned 0
Feb 18 13:40 : client: [101] closed
Feb 18 13:40 : client: [102] opened from 127.0.0.1:53569
Feb 18 13:40 : client: [102] process command "listall """
Feb 18 13:40 : client: [102] command returned 0
Feb 18 13:40 : client: [102] closed
Feb 18 13:40 : client: [103] opened from 127.0.0.1:53571
Feb 18 13:40 : client: [103] process command "playlistinfo"
Feb 18 13:40 : client: [103] command returned 0
Feb 18 13:40 : client: [103] closed
Feb 18 13:40 : client: [104] opened from 127.0.0.1:53572
Feb 18 13:40 : client: [104] process command "listall """
Feb 18 13:40 : client: [104] command returned 0
Feb 18 13:40 : client: [104] closed
Feb 18 14:44 : client: [105] opened from 127.0.0.1:54011
Feb 18 14:44 : client: [105] process command "playlistinfo"
Feb 18 14:44 : client: [105] command returned 0
Feb 18 14:44 : client: [105] closed
Feb 18 14:44 : client: [106] opened from 127.0.0.1:54012
Feb 18 14:44 : client: [106] process command "listall """
Feb 18 14:44 : client: [106] command returned 0
Feb 18 14:44 : client: [106] closed
Feb 18 16:07 : client: [107] opened from 127.0.0.1:54556
Feb 18 16:07 : client: [107] process command "playlistinfo"
Feb 18 16:07 : client: [107] command returned 0
Feb 18 16:07 : client: [107] closed
Feb 18 16:07 : client: [108] opened from 127.0.0.1:54557
Feb 18 16:07 : client: [108] process command "listall """
Feb 18 16:07 : client: [108] command returned 0
Feb 18 16:07 : client: [108] closed
Feb 18 16:11 : client: [109] opened from 127.0.0.1:54564
Feb 18 16:11 : client: [109] process command "playlistinfo"
Feb 18 16:11 : client: [109] command returned 0
Feb 18 16:11 : client: [109] closed
Feb 18 16:11 : client: [110] opened from 127.0.0.1:54565
Feb 18 16:11 : client: [110] process command "listall """
Feb 18 16:11 : client: [110] command returned 0
Feb 18 16:11 : client: [110] closed
Feb 18 16:15 : client: [111] opened from 127.0.0.1:54572
Feb 18 16:15 : client: [111] process command "playlistinfo"
Feb 18 16:15 : client: [111] command returned 0
Feb 18 16:15 : client: [111] closed
Feb 18 16:15 : client: [112] opened from 127.0.0.1:54573
Feb 18 16:15 : client: [112] process command "listall """
Feb 18 16:15 : client: [112] command returned 0
Feb 18 16:15 : client: [112] closed
Feb 18 16:15 : client: [113] opened from 127.0.0.1:54574
Feb 18 16:15 : client: [113] process command "playlistinfo"
Feb 18 16:15 : client: [113] command returned 0
Feb 18 16:15 : client: [113] closed
Feb 18 16:15 : client: [114] opened from 127.0.0.1:54575
Feb 18 16:15 : client: [114] process command "listall """
Feb 18 16:15 : client: [114] command returned 0
Feb 18 16:15 : client: [114] closed
Feb 18 16:16 : client: [115] opened from 127.0.0.1:54576
Feb 18 16:16 : client: [115] process command "playlistinfo"
Feb 18 16:16 : client: [115] command returned 0
Feb 18 16:16 : client: [115] closed
Feb 18 16:16 : client: [116] opened from 127.0.0.1:54577
Feb 18 16:16 : client: [116] process command "listall """
Feb 18 16:16 : client: [116] command returned 0
Feb 18 16:16 : client: [116] closed
Feb 18 16:16 : client: [117] opened from 127.0.0.1:54578
Feb 18 16:16 : client: [117] process command "playlistinfo"
Feb 18 16:16 : client: [117] command returned 0
Feb 18 16:16 : client: [117] closed
Feb 18 16:16 : client: [118] opened from 127.0.0.1:54579
Feb 18 16:16 : client: [118] process command "listall """
Feb 18 16:16 : client: [118] command returned 0
Feb 18 16:16 : client: [118] closed
Feb 18 16:16 : client: [119] opened from 127.0.0.1:54580
Feb 18 16:16 : client: [119] process command "playlistinfo"
Feb 18 16:16 : client: [119] command returned 0
Feb 18 16:16 : client: [119] closed
Feb 18 16:16 : client: [120] opened from 127.0.0.1:54581
Feb 18 16:16 : client: [120] process command "listall """
Feb 18 16:16 : client: [120] command returned 0
Feb 18 16:16 : client: [120] closed
Feb 18 16:19 : client: [121] opened from 127.0.0.1:54588
Feb 18 16:19 : client: [121] process command "playlistinfo"
Feb 18 16:19 : client: [121] command returned 0
Feb 18 16:19 : client: [121] closed
Feb 18 16:19 : client: [122] opened from 127.0.0.1:54589
Feb 18 16:19 : client: [122] process command "listall """
Feb 18 16:19 : client: [122] command returned 0
Feb 18 16:19 : client: [122] closed
Feb 18 16:19 : client: [123] opened from 127.0.0.1:54590
Feb 18 16:19 : client: [123] process command "playlistinfo"
Feb 18 16:19 : client: [123] command returned 0
Feb 18 16:19 : client: [123] closed
Feb 18 16:19 : client: [124] opened from 127.0.0.1:54591
Feb 18 16:19 : client: [124] process command "listall """
Feb 18 16:19 : client: [124] command returned 0
Feb 18 16:19 : client: [124] closed
Feb 18 16:19 : client: [125] opened from 127.0.0.1:54592
Feb 18 16:19 : client: [125] process command "playlistinfo"
Feb 18 16:19 : client: [125] command returned 0
Feb 18 16:19 : client: [125] closed
Feb 18 16:19 : client: [126] opened from 127.0.0.1:54593
Feb 18 16:19 : client: [126] process command "listall """
Feb 18 16:19 : client: [126] command returned 0
Feb 18 16:19 : client: [126] closed
Feb 18 17:57 : client: [127] opened from [::1]:55400
Feb 18 17:57 : client: [127] process command "playlistinfo"
Feb 18 17:57 : client: [127] command returned 0
Feb 18 17:57 : client: [127] closed
Feb 18 17:57 : client: [128] opened from [::1]:55401
Feb 18 17:57 : client: [128] process command "listall """
Feb 18 17:57 : client: [128] command returned 0
Feb 18 17:57 : client: [128] closed
Feb 18 18:04 : client: [129] opened from [::1]:55410
Feb 18 18:04 : client: [129] process command "playlistinfo"
Feb 18 18:04 : client: [129] command returned 0
Feb 18 18:04 : client: [129] closed
Feb 18 18:04 : client: [130] opened from [::1]:55411
Feb 18 18:04 : client: [130] process command "listall """
Feb 18 18:04 : client: [130] command returned 0
Feb 18 18:04 : client: [130] closed
Feb 18 18:04 : client: [131] opened from [::1]:55416
Feb 18 18:04 : client: [131] process command "playlistinfo"
Feb 18 18:04 : client: [131] command returned 0
Feb 18 18:04 : client: [131] closed
Feb 18 18:04 : client: [132] opened from [::1]:55417
Feb 18 18:04 : client: [132] process command "listall """
Feb 18 18:04 : client: [132] command returned 0
Feb 18 18:04 : client: [132] closed
Feb 18 18:04 : client: [133] opened from [::1]:55418
Feb 18 18:04 : client: [133] process command "playlistinfo"
Feb 18 18:04 : client: [133] command returned 0
Feb 18 18:04 : client: [133] closed
Feb 18 18:04 : client: [134] opened from [::1]:55419
Feb 18 18:04 : client: [134] process command "listall """
Feb 18 18:04 : client: [134] command returned 0
Feb 18 18:04 : client: [134] closed
Feb 18 18:04 : client: [135] opened from [::1]:55420
Feb 18 18:04 : client: [135] process command "playlistinfo"
Feb 18 18:04 : client: [135] command returned 0
Feb 18 18:04 : client: [135] closed
Feb 18 18:04 : client: [136] opened from [::1]:55421
Feb 18 18:04 : client: [136] process command "listall """
Feb 18 18:04 : client: [136] command returned 0
Feb 18 18:04 : client: [136] closed
Feb 18 18:05 : client: [137] opened from [::1]:55427
Feb 18 18:05 : client: [137] process command "playlistinfo"
Feb 18 18:05 : client: [137] command returned 0
Feb 18 18:05 : client: [137] closed
Feb 18 18:05 : client: [138] opened from [::1]:55428
Feb 18 18:05 : client: [138] process command "listall """
Feb 18 18:05 : client: [138] command returned 0
Feb 18 18:05 : client: [138] closed
Feb 18 18:05 : client: [139] opened from [::1]:55435
Feb 18 18:05 : client: [139] process command "playlistinfo"
Feb 18 18:05 : client: [139] command returned 0
Feb 18 18:05 : client: [139] closed
Feb 18 18:05 : client: [140] opened from [::1]:55436
Feb 18 18:05 : client: [140] process command "listall """
Feb 18 18:05 : client: [140] command returned 0
Feb 18 18:05 : client: [140] closed
Feb 18 18:05 : client: [141] opened from [::1]:55443
Feb 18 18:05 : client: [141] process command "playlistinfo"
Feb 18 18:05 : client: [141] command returned 0
Feb 18 18:05 : client: [141] closed
Feb 18 18:05 : client: [142] opened from [::1]:55444
Feb 18 18:05 : client: [142] process command "listall """
Feb 18 18:05 : client: [142] command returned 0
Feb 18 18:05 : client: [142] closed
Feb 18 18:05 : client: [143] opened from [::1]:55445
Feb 18 18:05 : client: [143] process command "playlistinfo"
Feb 18 18:05 : client: [143] command returned 0
Feb 18 18:05 : client: [143] closed
Feb 18 18:05 : client: [144] opened from [::1]:55446
Feb 18 18:05 : client: [144] process command "listall """
Feb 18 18:05 : client: [144] command returned 0
Feb 18 18:05 : client: [144] closed
Feb 18 18:05 : client: [145] opened from [::1]:55447
Feb 18 18:05 : client: [145] process command "playlistinfo"
Feb 18 18:05 : client: [145] command returned 0
Feb 18 18:05 : client: [145] closed
Feb 18 18:05 : client: [146] opened from [::1]:55448
Feb 18 18:05 : client: [146] process command "listall """
Feb 18 18:05 : client: [146] command returned 0
Feb 18 18:05 : client: [146] closed
Feb 18 18:06 : client: [147] opened from [::1]:55456
Feb 18 18:06 : client: [147] process command "playlistinfo"
Feb 18 18:06 : client: [147] command returned 0
Feb 18 18:06 : client: [147] closed
Feb 18 18:06 : client: [148] opened from [::1]:55457
Feb 18 18:06 : client: [148] process command "listall """
Feb 18 18:06 : client: [148] command returned 0
Feb 18 18:06 : client: [148] closed
Feb 18 18:07 : client: [149] opened from [::1]:55523
Feb 18 18:07 : client: [149] process command "playlistinfo"
Feb 18 18:07 : client: [149] command returned 0
Feb 18 18:07 : client: [149] closed
Feb 18 18:07 : client: [150] opened from [::1]:55524
Feb 18 18:07 : client: [150] process command "listall """
Feb 18 18:07 : client: [150] command returned 0
Feb 18 18:07 : client: [150] closed
Feb 18 18:07 : client: [151] opened from [::1]:55530
Feb 18 18:07 : client: [151] process command "playlistinfo"
Feb 18 18:07 : client: [151] command returned 0
Feb 18 18:07 : client: [151] closed
Feb 18 18:07 : client: [152] opened from [::1]:55531
Feb 18 18:07 : client: [152] process command "listall """
Feb 18 18:07 : client: [152] command returned 0
Feb 18 18:07 : client: [152] closed
